Watching for file changes with StatReloader
"GET / HTTP/1.1" 200 17466
Not Found: /static/myapp/style.css
"GET /static/myapp/style.css HTTP/1.1" 404 179
Not Found: /static/style/pics/car.jpg
"GET /static/style/pics/car.jpg HTTP/1.1" 404 179
"GET /admin/ HTTP/1.1" 302 0
"GET /admin/login/?next=/admin/ HTTP/1.1" 200 4158
Not Found: /static/admin/css/login.css
"GET /static/admin/css/login.css HTTP/1.1" 404 179
"POST /admin/login/?next=/admin/ HTTP/1.1" 302 0
"GET /admin/ HTTP/1.1" 200 8093
C:\Users\kezaf\Desktop\ValidationApp\ValidationApp\settings.py changed, reloading.
Watching for file changes with StatReloader
Watching for file changes with StatReloader
Watching for file changes with StatReloader
Watching for file changes with StatReloader
C:\Users\kezaf\Desktop\ValidationApp\myapp\forms.py changed, reloading.
Watching for file changes with StatReloader
"GET / HTTP/1.1" 200 17466
Not Found: /static/myapp/style.css
"GET /static/myapp/style.css HTTP/1.1" 404 179
Not Found: /static/style/pics/car.jpg
"GET /static/style/pics/car.jpg HTTP/1.1" 404 179
C:\Users\kezaf\Desktop\ValidationApp\ValidationApp\settings.py changed, reloading.
Watching for file changes with StatReloader
"GET / HTTP/1.1" 200 17466
"GET /static/myapp/style.css HTTP/1.1" 404 1804
"GET /static/style/pics/car.jpg HTTP/1.1" 200 671910
Watching for file changes with StatReloader
"GET / HTTP/1.1" 200 17466
"GET /static/myapp/style.css HTTP/1.1" 404 1804
"GET /static/style/pics/car.jpg HTTP/1.1" 304 0
Not Found: /favicon.ico
"GET /favicon.ico HTTP/1.1" 404 2737
"GET /ht HTTP/1.1" 301 0
"GET /ht/ HTTP/1.1" 200 2090
"GET / HTTP/1.1" 200 17466
"GET /static/myapp/style.css HTTP/1.1" 404 1804
C:\Users\kezaf\Desktop\ValidationApp\myapp\models.py changed, reloading.
Watching for file changes with StatReloader
"GET / HTTP/1.1" 200 17497
"GET /static/myapp/style.css HTTP/1.1" 404 1804
C:\Users\kezaf\Desktop\ValidationApp\myapp\models.py changed, reloading.
Watching for file changes with StatReloader
"GET / HTTP/1.1" 200 17664
"GET /static/myapp/style.css HTTP/1.1" 404 1804
"GET /static/style/pics/car.jpg HTTP/1.1" 304 0
C:\Users\kezaf\Desktop\ValidationApp\myapp\models.py changed, reloading.
Watching for file changes with StatReloader
C:\Users\kezaf\Desktop\ValidationApp\myapp\forms.py changed, reloading.
Watching for file changes with StatReloader
C:\Users\kezaf\Desktop\ValidationApp\myapp\forms.py changed, reloading.
Watching for file changes with StatReloader
"GET / HTTP/1.1" 200 17555
"GET /static/myapp/style.css HTTP/1.1" 404 1804
C:\Users\kezaf\Desktop\ValidationApp\myapp\forms.py changed, reloading.
Watching for file changes with StatReloader
"GET / HTTP/1.1" 200 17547
"GET /static/myapp/style.css HTTP/1.1" 404 1804
C:\Users\kezaf\Desktop\ValidationApp\myapp\forms.py changed, reloading.
Watching for file changes with StatReloader
"GET / HTTP/1.1" 200 17547
"GET /static/myapp/style.css HTTP/1.1" 404 1804
"POST / HTTP/1.1" 200 18132
"GET /static/myapp/style.css HTTP/1.1" 404 1804
"GET / HTTP/1.1" 200 17547
"GET /static/myapp/style.css HTTP/1.1" 404 1804
"POST / HTTP/1.1" 200 18132
"GET /static/myapp/style.css HTTP/1.1" 404 1804
Watching for file changes with StatReloader
Internal Server Error: /
Traceback (most recent call last):
  File "C:\Users\kezaf\AppData\Local\Programs\Python\Python312\Lib\site-packages\django\core\handlers\exception.py", line 55, in inner
    response = get_response(request)
               ^^^^^^^^^^^^^^^^^^^^^
  File "C:\Users\kezaf\AppData\Local\Programs\Python\Python312\Lib\site-packages\django\core\handlers\base.py", line 197, in _get_response
    response = wrapped_callback(request, *callback_args, **callback_kwargs)
               ^^^^^^^^^^^^^^^^^^^^^^^^^^^^^^^^^^^^^^^^^^^^^^^^^^^^^^^^^^^^
  File "C:\Users\kezaf\Desktop\ValidationApp\myapp\views.py", line 82, in participant_form_view
    return render(request, 'participant_form.html', {'participant_form': participant_form, 'vehicle_formset': vehicle_formset})
           ^^^^^^^^^^^^^^^^^^^^^^^^^^^^^^^^^^^^^^^^^^^^^^^^^^^^^^^^^^^^^^^^^^^^^^^^^^^^^^^^^^^^^^^^^^^^^^^^^^^^^^^^^^^^^^^^^^^^
  File "C:\Users\kezaf\AppData\Local\Programs\Python\Python312\Lib\site-packages\django\shortcuts.py", line 24, in render
    content = loader.render_to_string(template_name, context, request, using=using)
              ^^^^^^^^^^^^^^^^^^^^^^^^^^^^^^^^^^^^^^^^^^^^^^^^^^^^^^^^^^^^^^^^^^^^^
  File "C:\Users\kezaf\AppData\Local\Programs\Python\Python312\Lib\site-packages\django\template\loader.py", line 62, in render_to_string
    return template.render(context, request)
           ^^^^^^^^^^^^^^^^^^^^^^^^^^^^^^^^^
  File "C:\Users\kezaf\AppData\Local\Programs\Python\Python312\Lib\site-packages\django\template\backends\django.py", line 61, in render
    return self.template.render(context)
           ^^^^^^^^^^^^^^^^^^^^^^^^^^^^^
  File "C:\Users\kezaf\AppData\Local\Programs\Python\Python312\Lib\site-packages\django\template\base.py", line 171, in render
    return self._render(context)
           ^^^^^^^^^^^^^^^^^^^^^
  File "C:\Users\kezaf\AppData\Local\Programs\Python\Python312\Lib\site-packages\django\template\base.py", line 163, in _render
    return self.nodelist.render(context)
           ^^^^^^^^^^^^^^^^^^^^^^^^^^^^^
  File "C:\Users\kezaf\AppData\Local\Programs\Python\Python312\Lib\site-packages\django\template\base.py", line 1000, in render
    return SafeString("".join([node.render_annotated(context) for node in self]))
                               ^^^^^^^^^^^^^^^^^^^^^^^^^^^^^^
  File "C:\Users\kezaf\AppData\Local\Programs\Python\Python312\Lib\site-packages\django\template\base.py", line 961, in render_annotated
    return self.render(context)
           ^^^^^^^^^^^^^^^^^^^^
  File "C:\Users\kezaf\AppData\Local\Programs\Python\Python312\Lib\site-packages\django\template\base.py", line 1059, in render
    output = self.filter_expression.resolve(context)
             ^^^^^^^^^^^^^^^^^^^^^^^^^^^^^^^^^^^^^^^
  File "C:\Users\kezaf\AppData\Local\Programs\Python\Python312\Lib\site-packages\django\template\base.py", line 737, in resolve
    new_obj = func(obj, *arg_vals)
              ^^^^^^^^^^^^^^^^^^^^
  File "C:\Users\kezaf\AppData\Local\Programs\Python\Python312\Lib\site-packages\crispy_forms\templatetags\crispy_forms_filters.py", line 49, in as_crispy_form
    "field_template": "%s/field.html" % template_pack,
                      ~~~~~~~~~~~~~~~~^~~~~~~~~~~~~~~
  File "C:\Users\kezaf\AppData\Local\Programs\Python\Python312\Lib\site-packages\django\utils\functional.py", line 251, in inner
    self._setup()
  File "C:\Users\kezaf\AppData\Local\Programs\Python\Python312\Lib\site-packages\django\utils\functional.py", line 404, in _setup
    self._wrapped = self._setupfunc()
                    ^^^^^^^^^^^^^^^^^
  File "C:\Users\kezaf\AppData\Local\Programs\Python\Python312\Lib\site-packages\crispy_forms\utils.py", line 16, in get_template_pack
    return getattr(settings, "CRISPY_TEMPLATE_PACK")
           ^^^^^^^^^^^^^^^^^^^^^^^^^^^^^^^^^^^^^^^^^
  File "C:\Users\kezaf\AppData\Local\Programs\Python\Python312\Lib\site-packages\django\conf\__init__.py", line 91, in __getattr__
    val = getattr(_wrapped, name)
          ^^^^^^^^^^^^^^^^^^^^^^^
AttributeError: 'Settings' object has no attribute 'CRISPY_TEMPLATE_PACK'
"GET / HTTP/1.1" 500 138980
C:\Users\kezaf\Desktop\ValidationApp\ValidationApp\settings.py changed, reloading.
Watching for file changes with StatReloader
Internal Server Error: /
Traceback (most recent call last):
  File "C:\Users\kezaf\AppData\Local\Programs\Python\Python312\Lib\site-packages\django\template\backends\django.py", line 61, in render
    return self.template.render(context)
           ^^^^^^^^^^^^^^^^^^^^^^^^^^^^^
  File "C:\Users\kezaf\AppData\Local\Programs\Python\Python312\Lib\site-packages\django\template\base.py", line 171, in render
    return self._render(context)
           ^^^^^^^^^^^^^^^^^^^^^
  File "C:\Users\kezaf\AppData\Local\Programs\Python\Python312\Lib\site-packages\django\template\base.py", line 163, in _render
    return self.nodelist.render(context)
           ^^^^^^^^^^^^^^^^^^^^^^^^^^^^^
  File "C:\Users\kezaf\AppData\Local\Programs\Python\Python312\Lib\site-packages\django\template\base.py", line 1000, in render
    return SafeString("".join([node.render_annotated(context) for node in self]))
                               ^^^^^^^^^^^^^^^^^^^^^^^^^^^^^^
  File "C:\Users\kezaf\AppData\Local\Programs\Python\Python312\Lib\site-packages\django\template\base.py", line 961, in render_annotated
    return self.render(context)
           ^^^^^^^^^^^^^^^^^^^^
  File "C:\Users\kezaf\AppData\Local\Programs\Python\Python312\Lib\site-packages\django\template\base.py", line 1059, in render
    output = self.filter_expression.resolve(context)
             ^^^^^^^^^^^^^^^^^^^^^^^^^^^^^^^^^^^^^^^
  File "C:\Users\kezaf\AppData\Local\Programs\Python\Python312\Lib\site-packages\django\template\base.py", line 737, in resolve
    new_obj = func(obj, *arg_vals)
              ^^^^^^^^^^^^^^^^^^^^
  File "C:\Users\kezaf\AppData\Local\Programs\Python\Python312\Lib\site-packages\crispy_forms\templatetags\crispy_forms_filters.py", line 58, in as_crispy_form
    template = uni_form_template(template_pack)
               ^^^^^^^^^^^^^^^^^^^^^^^^^^^^^^^^
  File "C:\Users\kezaf\AppData\Local\Programs\Python\Python312\Lib\site-packages\crispy_forms\templatetags\crispy_forms_filters.py", line 21, in uni_form_template
    return get_template("%s/uni_form.html" % template_pack)
           ^^^^^^^^^^^^^^^^^^^^^^^^^^^^^^^^^^^^^^^^^^^^^^^^
  File "C:\Users\kezaf\AppData\Local\Programs\Python\Python312\Lib\site-packages\django\template\loader.py", line 19, in get_template
    raise TemplateDoesNotExist(template_name, chain=chain)
django.template.exceptions.TemplateDoesNotExist: bootstrap4/uni_form.html

The above exception was the direct cause of the following exception:

Traceback (most recent call last):
  File "C:\Users\kezaf\AppData\Local\Programs\Python\Python312\Lib\site-packages\django\core\handlers\exception.py", line 55, in inner
    response = get_response(request)
               ^^^^^^^^^^^^^^^^^^^^^
  File "C:\Users\kezaf\AppData\Local\Programs\Python\Python312\Lib\site-packages\django\core\handlers\base.py", line 197, in _get_response
    response = wrapped_callback(request, *callback_args, **callback_kwargs)
               ^^^^^^^^^^^^^^^^^^^^^^^^^^^^^^^^^^^^^^^^^^^^^^^^^^^^^^^^^^^^
  File "C:\Users\kezaf\Desktop\ValidationApp\myapp\views.py", line 82, in participant_form_view
    return render(request, 'participant_form.html', {'participant_form': participant_form, 'vehicle_formset': vehicle_formset})
           ^^^^^^^^^^^^^^^^^^^^^^^^^^^^^^^^^^^^^^^^^^^^^^^^^^^^^^^^^^^^^^^^^^^^^^^^^^^^^^^^^^^^^^^^^^^^^^^^^^^^^^^^^^^^^^^^^^^^
  File "C:\Users\kezaf\AppData\Local\Programs\Python\Python312\Lib\site-packages\django\shortcuts.py", line 24, in render
    content = loader.render_to_string(template_name, context, request, using=using)
              ^^^^^^^^^^^^^^^^^^^^^^^^^^^^^^^^^^^^^^^^^^^^^^^^^^^^^^^^^^^^^^^^^^^^^
  File "C:\Users\kezaf\AppData\Local\Programs\Python\Python312\Lib\site-packages\django\template\loader.py", line 62, in render_to_string
    return template.render(context, request)
           ^^^^^^^^^^^^^^^^^^^^^^^^^^^^^^^^^
  File "C:\Users\kezaf\AppData\Local\Programs\Python\Python312\Lib\site-packages\django\template\backends\django.py", line 63, in render
    reraise(exc, self.backend)
  File "C:\Users\kezaf\AppData\Local\Programs\Python\Python312\Lib\site-packages\django\template\backends\django.py", line 84, in reraise
    raise new from exc
django.template.exceptions.TemplateDoesNotExist: bootstrap4/uni_form.html
"GET / HTTP/1.1" 500 143415
Watching for file changes with StatReloader
"GET / HTTP/1.1" 200 17548
"GET /static/myapp/style.css HTTP/1.1" 404 1804
"GET /static/style/pics/car.jpg HTTP/1.1" 304 0
"POST / HTTP/1.1" 200 18133
"GET /static/myapp/style.css HTTP/1.1" 404 1804
"GET / HTTP/1.1" 200 17548
"GET /static/myapp/style.css HTTP/1.1" 404 1804
"GET /static/style/pics/car.jpg HTTP/1.1" 304 0
C:\Users\kezaf\Desktop\ValidationApp\ValidationApp\settings.py changed, reloading.
Watching for file changes with StatReloader
C:\Users\kezaf\Desktop\ValidationApp\myapp\views.py changed, reloading.
Watching for file changes with StatReloader
"GET / HTTP/1.1" 200 17548
"GET /static/myapp/style.css HTTP/1.1" 404 1804
"GET /admin/ HTTP/1.1" 200 8093
"POST /admin/logout/ HTTP/1.1" 200 3553
"GET / HTTP/1.1" 200 17548
"GET /static/myapp/style.css HTTP/1.1" 404 1804
Watching for file changes with StatReloader
Watching for file changes with StatReloader
"GET /admin/ HTTP/1.1" 302 0
"GET /admin/login/?next=/admin/ HTTP/1.1" 200 4181
"GET /static/admin/css/login.css HTTP/1.1" 200 958
"POST /admin/login/?next=/admin/ HTTP/1.1" 302 0
"GET /admin/ HTTP/1.1" 200 9296
"GET /admin/easyaudit/crudevent/ HTTP/1.1" 200 15693
"GET /admin/jsi18n/ HTTP/1.1" 200 3343
"GET /static/admin/img/search.svg HTTP/1.1" 200 458
"GET /static/admin/img/sorting-icons.svg HTTP/1.1" 200 1097
"GET /admin/easyaudit/loginevent/ HTTP/1.1" 200 13180
"GET /admin/jsi18n/ HTTP/1.1" 200 3343
"GET /admin/easyaudit/requestevent/ HTTP/1.1" 200 10583
"GET /admin/jsi18n/ HTTP/1.1" 200 3343
C:\Users\kezaf\Desktop\ValidationApp\ValidationApp\settings.py changed, reloading.
Watching for file changes with StatReloader
Watching for file changes with StatReloader
"POST /admin/logout/ HTTP/1.1" 200 3576
"GET / HTTP/1.1" 200 17548
"GET /static/myapp/style.css HTTP/1.1" 404 1804
"GET /admin/ HTTP/1.1" 302 0
"GET /admin/login/?next=/admin/ HTTP/1.1" 200 4181
"GET /static/admin/css/login.css HTTP/1.1" 304 0
"POST /admin/login/?next=/admin/ HTTP/1.1" 302 0
"GET /admin/ HTTP/1.1" 200 9296
"GET /admin/easyaudit/loginevent/ HTTP/1.1" 200 14078
"GET /admin/jsi18n/ HTTP/1.1" 200 3343
"GET /static/admin/img/search.svg HTTP/1.1" 304 0
"GET /static/admin/img/sorting-icons.svg HTTP/1.1" 304 0
"GET /admin/easyaudit/crudevent/ HTTP/1.1" 200 16229
"GET /admin/jsi18n/ HTTP/1.1" 200 3343
C:\Users\kezaf\Desktop\ValidationApp\ValidationApp\settings.py changed, reloading.
Watching for file changes with StatReloader
C:\Users\kezaf\Desktop\ValidationApp\ValidationApp\settings.py changed, reloading.
Watching for file changes with StatReloader
C:\Users\kezaf\Desktop\ValidationApp\ValidationApp\settings.py changed, reloading.
Watching for file changes with StatReloader
"GET / HTTP/1.1" 200 17548
"GET /static/myapp/style.css HTTP/1.1" 404 1804
"GET /admin/easyaudit/requestevent/ HTTP/1.1" 200 13401
"GET /static/admin/img/search.svg HTTP/1.1" 304 0
"GET /admin/jsi18n/ HTTP/1.1" 200 3343
"GET /static/admin/img/sorting-icons.svg HTTP/1.1" 304 0
"GET /admin/easyaudit/loginevent/ HTTP/1.1" 200 14078
"GET /admin/jsi18n/ HTTP/1.1" 200 3343
"GET /admin/easyaudit/crudevent/ HTTP/1.1" 200 16229
"GET /admin/jsi18n/ HTTP/1.1" 200 3343
C:\Users\kezaf\Desktop\ValidationApp\ValidationApp\settings.py changed, reloading.
Watching for file changes with StatReloader
C:\Users\kezaf\Desktop\ValidationApp\myapp\views.py changed, reloading.
Watching for file changes with StatReloader
"GET / HTTP/1.1" 200 17548
"GET /static/myapp/style.css HTTP/1.1" 404 1804
C:\Users\kezaf\Desktop\ValidationApp\myapp\views.py changed, reloading.
Watching for file changes with StatReloader
Watching for file changes with StatReloader
"GET / HTTP/1.1" 200 17548
"GET /static/myapp/style.css HTTP/1.1" 404 1804
Not Found: /success_form
"GET /success_form HTTP/1.1" 404 2740
Internal Server Error: /form_success/
Traceback (most recent call last):
  File "C:\Users\kezaf\AppData\Local\Programs\Python\Python312\Lib\site-packages\django\template\base.py", line 505, in parse
    compile_func = self.tags[command]
                   ~~~~~~~~~^^^^^^^^^
KeyError: 'static'

During handling of the above exception, another exception occurred:

Traceback (most recent call last):
  File "C:\Users\kezaf\AppData\Local\Programs\Python\Python312\Lib\site-packages\django\core\handlers\exception.py", line 55, in inner
    response = get_response(request)
               ^^^^^^^^^^^^^^^^^^^^^
  File "C:\Users\kezaf\AppData\Local\Programs\Python\Python312\Lib\site-packages\django\core\handlers\base.py", line 197, in _get_response
    response = wrapped_callback(request, *callback_args, **callback_kwargs)
               ^^^^^^^^^^^^^^^^^^^^^^^^^^^^^^^^^^^^^^^^^^^^^^^^^^^^^^^^^^^^
  File "C:\Users\kezaf\Desktop\ValidationApp\myapp\views.py", line 41, in form_success_view
    return render(request, 'form_success.html')
           ^^^^^^^^^^^^^^^^^^^^^^^^^^^^^^^^^^^^
  File "C:\Users\kezaf\AppData\Local\Programs\Python\Python312\Lib\site-packages\django\shortcuts.py", line 24, in render
    content = loader.render_to_string(template_name, context, request, using=using)
              ^^^^^^^^^^^^^^^^^^^^^^^^^^^^^^^^^^^^^^^^^^^^^^^^^^^^^^^^^^^^^^^^^^^^^
  File "C:\Users\kezaf\AppData\Local\Programs\Python\Python312\Lib\site-packages\django\template\loader.py", line 62, in render_to_string
    return template.render(context, request)
           ^^^^^^^^^^^^^^^^^^^^^^^^^^^^^^^^^
  File "C:\Users\kezaf\AppData\Local\Programs\Python\Python312\Lib\site-packages\django\template\backends\django.py", line 61, in render
    return self.template.render(context)
           ^^^^^^^^^^^^^^^^^^^^^^^^^^^^^
  File "C:\Users\kezaf\AppData\Local\Programs\Python\Python312\Lib\site-packages\django\template\base.py", line 175, in render
    return self._render(context)
           ^^^^^^^^^^^^^^^^^^^^^
  File "C:\Users\kezaf\AppData\Local\Programs\Python\Python312\Lib\site-packages\django\template\base.py", line 167, in _render
    return self.nodelist.render(context)
           ^^^^^^^^^^^^^^^^^^^^^^^^^^^^^
  File "C:\Users\kezaf\AppData\Local\Programs\Python\Python312\Lib\site-packages\django\template\base.py", line 1005, in render
    return SafeString("".join([node.render_annotated(context) for node in self]))
                               ^^^^^^^^^^^^^^^^^^^^^^^^^^^^^^
  File "C:\Users\kezaf\AppData\Local\Programs\Python\Python312\Lib\site-packages\django\template\base.py", line 966, in render_annotated
    return self.render(context)
           ^^^^^^^^^^^^^^^^^^^^
  File "C:\Users\kezaf\AppData\Local\Programs\Python\Python312\Lib\site-packages\django\template\loader_tags.py", line 132, in render
    compiled_parent = self.get_parent(context)
                      ^^^^^^^^^^^^^^^^^^^^^^^^
  File "C:\Users\kezaf\AppData\Local\Programs\Python\Python312\Lib\site-packages\django\template\loader_tags.py", line 129, in get_parent
    return self.find_template(parent, context)
           ^^^^^^^^^^^^^^^^^^^^^^^^^^^^^^^^^^^
  File "C:\Users\kezaf\AppData\Local\Programs\Python\Python312\Lib\site-packages\django\template\loader_tags.py", line 107, in find_template
    template, origin = context.template.engine.find_template(
                       ^^^^^^^^^^^^^^^^^^^^^^^^^^^^^^^^^^^^^^
  File "C:\Users\kezaf\AppData\Local\Programs\Python\Python312\Lib\site-packages\django\template\engine.py", line 157, in find_template
    template = loader.get_template(name, skip=skip)
               ^^^^^^^^^^^^^^^^^^^^^^^^^^^^^^^^^^^^
  File "C:\Users\kezaf\AppData\Local\Programs\Python\Python312\Lib\site-packages\django\template\loaders\cached.py", line 57, in get_template
    template = super().get_template(template_name, skip)
               ^^^^^^^^^^^^^^^^^^^^^^^^^^^^^^^^^^^^^^^^^
  File "C:\Users\kezaf\AppData\Local\Programs\Python\Python312\Lib\site-packages\django\template\loaders\base.py", line 28, in get_template
    return Template(
           ^^^^^^^^^
  File "C:\Users\kezaf\AppData\Local\Programs\Python\Python312\Lib\site-packages\django\template\base.py", line 154, in __init__
    self.nodelist = self.compile_nodelist()
                    ^^^^^^^^^^^^^^^^^^^^^^^
  File "C:\Users\kezaf\AppData\Local\Programs\Python\Python312\Lib\site-packages\django\template\base.py", line 200, in compile_nodelist
    return parser.parse()
           ^^^^^^^^^^^^^^
  File "C:\Users\kezaf\AppData\Local\Programs\Python\Python312\Lib\site-packages\django\template\base.py", line 507, in parse
    self.invalid_block_tag(token, command, parse_until)
  File "C:\Users\kezaf\AppData\Local\Programs\Python\Python312\Lib\site-packages\django\template\base.py", line 568, in invalid_block_tag
    raise self.error(
django.template.exceptions.TemplateSyntaxError: Invalid block tag on line 10: 'static'. Did you forget to register or load this tag?
"GET /form_success/ HTTP/1.1" 500 166220
Internal Server Error: /form_success/
Traceback (most recent call last):
  File "C:\Users\kezaf\AppData\Local\Programs\Python\Python312\Lib\site-packages\django\template\base.py", line 505, in parse
    compile_func = self.tags[command]
                   ~~~~~~~~~^^^^^^^^^
KeyError: 'static'

During handling of the above exception, another exception occurred:

Traceback (most recent call last):
  File "C:\Users\kezaf\AppData\Local\Programs\Python\Python312\Lib\site-packages\django\core\handlers\exception.py", line 55, in inner
    response = get_response(request)
               ^^^^^^^^^^^^^^^^^^^^^
  File "C:\Users\kezaf\AppData\Local\Programs\Python\Python312\Lib\site-packages\django\core\handlers\base.py", line 197, in _get_response
    response = wrapped_callback(request, *callback_args, **callback_kwargs)
               ^^^^^^^^^^^^^^^^^^^^^^^^^^^^^^^^^^^^^^^^^^^^^^^^^^^^^^^^^^^^
  File "C:\Users\kezaf\Desktop\ValidationApp\myapp\views.py", line 41, in form_success_view
    return render(request, 'form_success.html')
           ^^^^^^^^^^^^^^^^^^^^^^^^^^^^^^^^^^^^
  File "C:\Users\kezaf\AppData\Local\Programs\Python\Python312\Lib\site-packages\django\shortcuts.py", line 24, in render
    content = loader.render_to_string(template_name, context, request, using=using)
              ^^^^^^^^^^^^^^^^^^^^^^^^^^^^^^^^^^^^^^^^^^^^^^^^^^^^^^^^^^^^^^^^^^^^^
  File "C:\Users\kezaf\AppData\Local\Programs\Python\Python312\Lib\site-packages\django\template\loader.py", line 62, in render_to_string
    return template.render(context, request)
           ^^^^^^^^^^^^^^^^^^^^^^^^^^^^^^^^^
  File "C:\Users\kezaf\AppData\Local\Programs\Python\Python312\Lib\site-packages\django\template\backends\django.py", line 61, in render
    return self.template.render(context)
           ^^^^^^^^^^^^^^^^^^^^^^^^^^^^^
  File "C:\Users\kezaf\AppData\Local\Programs\Python\Python312\Lib\site-packages\django\template\base.py", line 175, in render
    return self._render(context)
           ^^^^^^^^^^^^^^^^^^^^^
  File "C:\Users\kezaf\AppData\Local\Programs\Python\Python312\Lib\site-packages\django\template\base.py", line 167, in _render
    return self.nodelist.render(context)
           ^^^^^^^^^^^^^^^^^^^^^^^^^^^^^
  File "C:\Users\kezaf\AppData\Local\Programs\Python\Python312\Lib\site-packages\django\template\base.py", line 1005, in render
    return SafeString("".join([node.render_annotated(context) for node in self]))
                               ^^^^^^^^^^^^^^^^^^^^^^^^^^^^^^
  File "C:\Users\kezaf\AppData\Local\Programs\Python\Python312\Lib\site-packages\django\template\base.py", line 966, in render_annotated
    return self.render(context)
           ^^^^^^^^^^^^^^^^^^^^
  File "C:\Users\kezaf\AppData\Local\Programs\Python\Python312\Lib\site-packages\django\template\loader_tags.py", line 132, in render
    compiled_parent = self.get_parent(context)
                      ^^^^^^^^^^^^^^^^^^^^^^^^
  File "C:\Users\kezaf\AppData\Local\Programs\Python\Python312\Lib\site-packages\django\template\loader_tags.py", line 129, in get_parent
    return self.find_template(parent, context)
           ^^^^^^^^^^^^^^^^^^^^^^^^^^^^^^^^^^^
  File "C:\Users\kezaf\AppData\Local\Programs\Python\Python312\Lib\site-packages\django\template\loader_tags.py", line 107, in find_template
    template, origin = context.template.engine.find_template(
                       ^^^^^^^^^^^^^^^^^^^^^^^^^^^^^^^^^^^^^^
  File "C:\Users\kezaf\AppData\Local\Programs\Python\Python312\Lib\site-packages\django\template\engine.py", line 157, in find_template
    template = loader.get_template(name, skip=skip)
               ^^^^^^^^^^^^^^^^^^^^^^^^^^^^^^^^^^^^
  File "C:\Users\kezaf\AppData\Local\Programs\Python\Python312\Lib\site-packages\django\template\loaders\cached.py", line 57, in get_template
    template = super().get_template(template_name, skip)
               ^^^^^^^^^^^^^^^^^^^^^^^^^^^^^^^^^^^^^^^^^
  File "C:\Users\kezaf\AppData\Local\Programs\Python\Python312\Lib\site-packages\django\template\loaders\base.py", line 28, in get_template
    return Template(
           ^^^^^^^^^
  File "C:\Users\kezaf\AppData\Local\Programs\Python\Python312\Lib\site-packages\django\template\base.py", line 154, in __init__
    self.nodelist = self.compile_nodelist()
                    ^^^^^^^^^^^^^^^^^^^^^^^
  File "C:\Users\kezaf\AppData\Local\Programs\Python\Python312\Lib\site-packages\django\template\base.py", line 200, in compile_nodelist
    return parser.parse()
           ^^^^^^^^^^^^^^
  File "C:\Users\kezaf\AppData\Local\Programs\Python\Python312\Lib\site-packages\django\template\base.py", line 507, in parse
    self.invalid_block_tag(token, command, parse_until)
  File "C:\Users\kezaf\AppData\Local\Programs\Python\Python312\Lib\site-packages\django\template\base.py", line 568, in invalid_block_tag
    raise self.error(
django.template.exceptions.TemplateSyntaxError: Invalid block tag on line 10: 'static'. Did you forget to register or load this tag?
"GET /form_success/ HTTP/1.1" 500 166473
Internal Server Error: /form_success/
Traceback (most recent call last):
  File "C:\Users\kezaf\AppData\Local\Programs\Python\Python312\Lib\site-packages\django\template\base.py", line 505, in parse
    compile_func = self.tags[command]
                   ~~~~~~~~~^^^^^^^^^
KeyError: 'static'

During handling of the above exception, another exception occurred:

Traceback (most recent call last):
  File "C:\Users\kezaf\AppData\Local\Programs\Python\Python312\Lib\site-packages\django\core\handlers\exception.py", line 55, in inner
    response = get_response(request)
               ^^^^^^^^^^^^^^^^^^^^^
  File "C:\Users\kezaf\AppData\Local\Programs\Python\Python312\Lib\site-packages\django\core\handlers\base.py", line 197, in _get_response
    response = wrapped_callback(request, *callback_args, **callback_kwargs)
               ^^^^^^^^^^^^^^^^^^^^^^^^^^^^^^^^^^^^^^^^^^^^^^^^^^^^^^^^^^^^
  File "C:\Users\kezaf\Desktop\ValidationApp\myapp\views.py", line 41, in form_success_view
    return render(request, 'form_success.html')
           ^^^^^^^^^^^^^^^^^^^^^^^^^^^^^^^^^^^^
  File "C:\Users\kezaf\AppData\Local\Programs\Python\Python312\Lib\site-packages\django\shortcuts.py", line 24, in render
    content = loader.render_to_string(template_name, context, request, using=using)
              ^^^^^^^^^^^^^^^^^^^^^^^^^^^^^^^^^^^^^^^^^^^^^^^^^^^^^^^^^^^^^^^^^^^^^
  File "C:\Users\kezaf\AppData\Local\Programs\Python\Python312\Lib\site-packages\django\template\loader.py", line 62, in render_to_string
    return template.render(context, request)
           ^^^^^^^^^^^^^^^^^^^^^^^^^^^^^^^^^
  File "C:\Users\kezaf\AppData\Local\Programs\Python\Python312\Lib\site-packages\django\template\backends\django.py", line 61, in render
    return self.template.render(context)
           ^^^^^^^^^^^^^^^^^^^^^^^^^^^^^
  File "C:\Users\kezaf\AppData\Local\Programs\Python\Python312\Lib\site-packages\django\template\base.py", line 175, in render
    return self._render(context)
           ^^^^^^^^^^^^^^^^^^^^^
  File "C:\Users\kezaf\AppData\Local\Programs\Python\Python312\Lib\site-packages\django\template\base.py", line 167, in _render
    return self.nodelist.render(context)
           ^^^^^^^^^^^^^^^^^^^^^^^^^^^^^
  File "C:\Users\kezaf\AppData\Local\Programs\Python\Python312\Lib\site-packages\django\template\base.py", line 1005, in render
    return SafeString("".join([node.render_annotated(context) for node in self]))
                               ^^^^^^^^^^^^^^^^^^^^^^^^^^^^^^
  File "C:\Users\kezaf\AppData\Local\Programs\Python\Python312\Lib\site-packages\django\template\base.py", line 966, in render_annotated
    return self.render(context)
           ^^^^^^^^^^^^^^^^^^^^
  File "C:\Users\kezaf\AppData\Local\Programs\Python\Python312\Lib\site-packages\django\template\loader_tags.py", line 132, in render
    compiled_parent = self.get_parent(context)
                      ^^^^^^^^^^^^^^^^^^^^^^^^
  File "C:\Users\kezaf\AppData\Local\Programs\Python\Python312\Lib\site-packages\django\template\loader_tags.py", line 129, in get_parent
    return self.find_template(parent, context)
           ^^^^^^^^^^^^^^^^^^^^^^^^^^^^^^^^^^^
  File "C:\Users\kezaf\AppData\Local\Programs\Python\Python312\Lib\site-packages\django\template\loader_tags.py", line 107, in find_template
    template, origin = context.template.engine.find_template(
                       ^^^^^^^^^^^^^^^^^^^^^^^^^^^^^^^^^^^^^^
  File "C:\Users\kezaf\AppData\Local\Programs\Python\Python312\Lib\site-packages\django\template\engine.py", line 157, in find_template
    template = loader.get_template(name, skip=skip)
               ^^^^^^^^^^^^^^^^^^^^^^^^^^^^^^^^^^^^
  File "C:\Users\kezaf\AppData\Local\Programs\Python\Python312\Lib\site-packages\django\template\loaders\cached.py", line 57, in get_template
    template = super().get_template(template_name, skip)
               ^^^^^^^^^^^^^^^^^^^^^^^^^^^^^^^^^^^^^^^^^
  File "C:\Users\kezaf\AppData\Local\Programs\Python\Python312\Lib\site-packages\django\template\loaders\base.py", line 28, in get_template
    return Template(
           ^^^^^^^^^
  File "C:\Users\kezaf\AppData\Local\Programs\Python\Python312\Lib\site-packages\django\template\base.py", line 154, in __init__
    self.nodelist = self.compile_nodelist()
                    ^^^^^^^^^^^^^^^^^^^^^^^
  File "C:\Users\kezaf\AppData\Local\Programs\Python\Python312\Lib\site-packages\django\template\base.py", line 200, in compile_nodelist
    return parser.parse()
           ^^^^^^^^^^^^^^
  File "C:\Users\kezaf\AppData\Local\Programs\Python\Python312\Lib\site-packages\django\template\base.py", line 507, in parse
    self.invalid_block_tag(token, command, parse_until)
  File "C:\Users\kezaf\AppData\Local\Programs\Python\Python312\Lib\site-packages\django\template\base.py", line 568, in invalid_block_tag
    raise self.error(
django.template.exceptions.TemplateSyntaxError: Invalid block tag on line 10: 'static'. Did you forget to register or load this tag?
"GET /form_success/ HTTP/1.1" 500 166473
Internal Server Error: /form_success/
Traceback (most recent call last):
  File "C:\Users\kezaf\AppData\Local\Programs\Python\Python312\Lib\site-packages\django\template\base.py", line 505, in parse
    compile_func = self.tags[command]
                   ~~~~~~~~~^^^^^^^^^
KeyError: 'static'

During handling of the above exception, another exception occurred:

Traceback (most recent call last):
  File "C:\Users\kezaf\AppData\Local\Programs\Python\Python312\Lib\site-packages\django\core\handlers\exception.py", line 55, in inner
    response = get_response(request)
               ^^^^^^^^^^^^^^^^^^^^^
  File "C:\Users\kezaf\AppData\Local\Programs\Python\Python312\Lib\site-packages\django\core\handlers\base.py", line 197, in _get_response
    response = wrapped_callback(request, *callback_args, **callback_kwargs)
               ^^^^^^^^^^^^^^^^^^^^^^^^^^^^^^^^^^^^^^^^^^^^^^^^^^^^^^^^^^^^
  File "C:\Users\kezaf\Desktop\ValidationApp\myapp\views.py", line 41, in form_success_view
    return render(request, 'form_success.html')
           ^^^^^^^^^^^^^^^^^^^^^^^^^^^^^^^^^^^^
  File "C:\Users\kezaf\AppData\Local\Programs\Python\Python312\Lib\site-packages\django\shortcuts.py", line 24, in render
    content = loader.render_to_string(template_name, context, request, using=using)
              ^^^^^^^^^^^^^^^^^^^^^^^^^^^^^^^^^^^^^^^^^^^^^^^^^^^^^^^^^^^^^^^^^^^^^
  File "C:\Users\kezaf\AppData\Local\Programs\Python\Python312\Lib\site-packages\django\template\loader.py", line 62, in render_to_string
    return template.render(context, request)
           ^^^^^^^^^^^^^^^^^^^^^^^^^^^^^^^^^
  File "C:\Users\kezaf\AppData\Local\Programs\Python\Python312\Lib\site-packages\django\template\backends\django.py", line 61, in render
    return self.template.render(context)
           ^^^^^^^^^^^^^^^^^^^^^^^^^^^^^
  File "C:\Users\kezaf\AppData\Local\Programs\Python\Python312\Lib\site-packages\django\template\base.py", line 175, in render
    return self._render(context)
           ^^^^^^^^^^^^^^^^^^^^^
  File "C:\Users\kezaf\AppData\Local\Programs\Python\Python312\Lib\site-packages\django\template\base.py", line 167, in _render
    return self.nodelist.render(context)
           ^^^^^^^^^^^^^^^^^^^^^^^^^^^^^
  File "C:\Users\kezaf\AppData\Local\Programs\Python\Python312\Lib\site-packages\django\template\base.py", line 1005, in render
    return SafeString("".join([node.render_annotated(context) for node in self]))
                               ^^^^^^^^^^^^^^^^^^^^^^^^^^^^^^
  File "C:\Users\kezaf\AppData\Local\Programs\Python\Python312\Lib\site-packages\django\template\base.py", line 966, in render_annotated
    return self.render(context)
           ^^^^^^^^^^^^^^^^^^^^
  File "C:\Users\kezaf\AppData\Local\Programs\Python\Python312\Lib\site-packages\django\template\loader_tags.py", line 132, in render
    compiled_parent = self.get_parent(context)
                      ^^^^^^^^^^^^^^^^^^^^^^^^
  File "C:\Users\kezaf\AppData\Local\Programs\Python\Python312\Lib\site-packages\django\template\loader_tags.py", line 129, in get_parent
    return self.find_template(parent, context)
           ^^^^^^^^^^^^^^^^^^^^^^^^^^^^^^^^^^^
  File "C:\Users\kezaf\AppData\Local\Programs\Python\Python312\Lib\site-packages\django\template\loader_tags.py", line 107, in find_template
    template, origin = context.template.engine.find_template(
                       ^^^^^^^^^^^^^^^^^^^^^^^^^^^^^^^^^^^^^^
  File "C:\Users\kezaf\AppData\Local\Programs\Python\Python312\Lib\site-packages\django\template\engine.py", line 157, in find_template
    template = loader.get_template(name, skip=skip)
               ^^^^^^^^^^^^^^^^^^^^^^^^^^^^^^^^^^^^
  File "C:\Users\kezaf\AppData\Local\Programs\Python\Python312\Lib\site-packages\django\template\loaders\cached.py", line 57, in get_template
    template = super().get_template(template_name, skip)
               ^^^^^^^^^^^^^^^^^^^^^^^^^^^^^^^^^^^^^^^^^
  File "C:\Users\kezaf\AppData\Local\Programs\Python\Python312\Lib\site-packages\django\template\loaders\base.py", line 28, in get_template
    return Template(
           ^^^^^^^^^
  File "C:\Users\kezaf\AppData\Local\Programs\Python\Python312\Lib\site-packages\django\template\base.py", line 154, in __init__
    self.nodelist = self.compile_nodelist()
                    ^^^^^^^^^^^^^^^^^^^^^^^
  File "C:\Users\kezaf\AppData\Local\Programs\Python\Python312\Lib\site-packages\django\template\base.py", line 200, in compile_nodelist
    return parser.parse()
           ^^^^^^^^^^^^^^
  File "C:\Users\kezaf\AppData\Local\Programs\Python\Python312\Lib\site-packages\django\template\base.py", line 507, in parse
    self.invalid_block_tag(token, command, parse_until)
  File "C:\Users\kezaf\AppData\Local\Programs\Python\Python312\Lib\site-packages\django\template\base.py", line 568, in invalid_block_tag
    raise self.error(
django.template.exceptions.TemplateSyntaxError: Invalid block tag on line 10: 'static'. Did you forget to register or load this tag?
"GET /form_success/ HTTP/1.1" 500 166473
"GET /form_success/ HTTP/1.1" 200 1296
"GET /form_success/ HTTP/1.1" 200 1396
"GET / HTTP/1.1" 200 1154
"GET / HTTP/1.1" 200 1154
"GET / HTTP/1.1" 200 17549
"GET /static/myapp/style.css HTTP/1.1" 404 1804
"GET / HTTP/1.1" 200 17535
"GET /static/myapp/style.css HTTP/1.1" 404 1804
"GET / HTTP/1.1" 200 17611
"GET /static/myapp/style.css HTTP/1.1" 404 1804
"POST / HTTP/1.1" 200 18036
"GET /static/myapp/style.css HTTP/1.1" 404 1804
"GET / HTTP/1.1" 200 17548
"GET /static/myapp/style.css HTTP/1.1" 404 1804
C:\Users\kezaf\Desktop\ValidationApp\myapp\forms.py changed, reloading.
Watching for file changes with StatReloader
C:\Users\kezaf\Desktop\ValidationApp\myapp\forms.py changed, reloading.
Watching for file changes with StatReloader
C:\Users\kezaf\Desktop\ValidationApp\myapp\forms.py changed, reloading.
Watching for file changes with StatReloader
"GET / HTTP/1.1" 200 17546
"GET /static/myapp/style.css HTTP/1.1" 404 1804
"POST / HTTP/1.1" 200 17840
"GET /static/myapp/style.css HTTP/1.1" 404 1804
"GET /static/style/pics/car.jpg HTTP/1.1" 304 0
"POST / HTTP/1.1" 200 17840
"GET /static/myapp/style.css HTTP/1.1" 404 1804
"POST / HTTP/1.1" 200 17840
"GET /static/myapp/style.css HTTP/1.1" 404 1804
C:\Users\kezaf\Desktop\ValidationApp\myapp\forms.py changed, reloading.
Watching for file changes with StatReloader
"GET / HTTP/1.1" 200 17548
"GET /static/myapp/style.css HTTP/1.1" 404 1804
"POST / HTTP/1.1" 200 17901
"GET /static/myapp/style.css HTTP/1.1" 404 1804
"POST / HTTP/1.1" 200 17778
"GET /static/myapp/style.css HTTP/1.1" 404 1804
"POST / HTTP/1.1" 302 0
"GET /form_success/ HTTP/1.1" 200 1396
"GET /admin/easyaudit/crudevent/ HTTP/1.1" 200 17349
"GET /static/admin/img/search.svg HTTP/1.1" 304 0
"GET /admin/jsi18n/ HTTP/1.1" 200 3343
"GET /static/admin/img/sorting-icons.svg HTTP/1.1" 304 0
"GET / HTTP/1.1" 200 17590
"GET /static/myapp/style.css HTTP/1.1" 404 1804
C:\Users\kezaf\Desktop\ValidationApp\myapp\forms.py changed, reloading.
Watching for file changes with StatReloader
C:\Users\kezaf\Desktop\ValidationApp\myapp\forms.py changed, reloading.
Watching for file changes with StatReloader
"GET / HTTP/1.1" 200 17656
"GET /static/myapp/style.css HTTP/1.1" 404 1804
C:\Users\kezaf\Desktop\ValidationApp\myapp\forms.py changed, reloading.
Watching for file changes with StatReloader
"GET / HTTP/1.1" 200 17648
"GET /static/myapp/style.css HTTP/1.1" 404 1804
C:\Users\kezaf\Desktop\ValidationApp\myapp\models.py changed, reloading.
Watching for file changes with StatReloader
Watching for file changes with StatReloader
"GET / HTTP/1.1" 200 17648
"GET /static/myapp/style.css HTTP/1.1" 404 1804
"GET /static/style/pics/car.jpg HTTP/1.1" 304 0
C:\Users\kezaf\Desktop\ValidationApp\myapp\models.py changed, reloading.
Watching for file changes with StatReloader
C:\Users\kezaf\Desktop\ValidationApp\myapp\models.py changed, reloading.
Watching for file changes with StatReloader
"GET / HTTP/1.1" 200 17649
"GET /static/myapp/style.css HTTP/1.1" 404 1804
Watching for file changes with StatReloader
"GET / HTTP/1.1" 200 17649
"GET /static/myapp/style.css HTTP/1.1" 404 1804
C:\Users\kezaf\Desktop\ValidationApp\myapp\models.py changed, reloading.
Watching for file changes with StatReloader
Watching for file changes with StatReloader
"GET / HTTP/1.1" 200 17649
"GET /static/myapp/style.css HTTP/1.1" 404 1804
C:\Users\kezaf\Desktop\ValidationApp\myapp\models.py changed, reloading.
Watching for file changes with StatReloader
"GET / HTTP/1.1" 200 17649
"GET /static/myapp/style.css HTTP/1.1" 404 1804
"GET / HTTP/1.1" 200 17649
"GET /static/myapp/style.css HTTP/1.1" 404 1804
C:\Users\kezaf\Desktop\ValidationApp\myapp\models.py changed, reloading.
Watching for file changes with StatReloader
C:\Users\kezaf\Desktop\ValidationApp\myapp\models.py changed, reloading.
Watching for file changes with StatReloader
"GET / HTTP/1.1" 200 17649
"GET /static/myapp/style.css HTTP/1.1" 404 1804
Watching for file changes with StatReloader
"GET / HTTP/1.1" 200 17649
"GET /static/myapp/style.css HTTP/1.1" 404 1804
C:\Users\kezaf\Desktop\ValidationApp\myapp\models.py changed, reloading.
Watching for file changes with StatReloader
C:\Users\kezaf\Desktop\ValidationApp\myapp\models.py changed, reloading.
Watching for file changes with StatReloader
C:\Users\kezaf\Desktop\ValidationApp\myapp\models.py changed, reloading.
Watching for file changes with StatReloader
C:\Users\kezaf\Desktop\ValidationApp\myapp\models.py changed, reloading.
Watching for file changes with StatReloader
C:\Users\kezaf\Desktop\ValidationApp\myapp\forms.py changed, reloading.
Watching for file changes with StatReloader
C:\Users\kezaf\Desktop\ValidationApp\myapp\forms.py changed, reloading.
Watching for file changes with StatReloader
Watching for file changes with StatReloader
"GET / HTTP/1.1" 200 17469
"GET /static/myapp/style.css HTTP/1.1" 404 1804
"POST / HTTP/1.1" 200 17800
"GET /static/myapp/style.css HTTP/1.1" 404 1804
"GET /static/style/pics/car.jpg HTTP/1.1" 304 0
"POST / HTTP/1.1" 200 17801
"GET /static/myapp/style.css HTTP/1.1" 404 1804
"POST / HTTP/1.1" 302 0
"GET /form_success/ HTTP/1.1" 200 1396
"GET / HTTP/1.1" 200 17510
"GET /static/myapp/style.css HTTP/1.1" 404 1804
"POST / HTTP/1.1" 200 18004
"GET /static/myapp/style.css HTTP/1.1" 404 1804
"POST / HTTP/1.1" 302 0
"GET /form_success/ HTTP/1.1" 200 1396
"GET /admin/ HTTP/1.1" 302 0
"GET /admin/login/?next=/admin/ HTTP/1.1" 200 4181
"GET /static/admin/css/login.css HTTP/1.1" 304 0
"POST /admin/login/?next=/admin/ HTTP/1.1" 302 0
"GET /admin/ HTTP/1.1" 200 8064
"GET /admin/myapp/vehicle/ HTTP/1.1" 200 9924
"GET /admin/jsi18n/ HTTP/1.1" 200 3343
"GET /admin/myapp/participant/ HTTP/1.1" 200 10167
"GET /admin/jsi18n/ HTTP/1.1" 200 3343
"GET /admin/easyaudit/requestevent/ HTTP/1.1" 200 16088
"GET /static/admin/img/search.svg HTTP/1.1" 304 0
"GET /admin/jsi18n/ HTTP/1.1" 200 3343
"GET /static/admin/img/sorting-icons.svg HTTP/1.1" 304 0
"GET /admin/easyaudit/loginevent/ HTTP/1.1" 200 13180
"GET /admin/jsi18n/ HTTP/1.1" 200 3343
"GET /admin/easyaudit/crudevent/ HTTP/1.1" 200 17241
"GET /admin/jsi18n/ HTTP/1.1" 200 3343
"GET /admin/auth/user/ HTTP/1.1" 200 12289
"GET /admin/jsi18n/ HTTP/1.1" 200 3343
"GET /static/admin/img/icon-yes.svg HTTP/1.1" 200 436
"GET / HTTP/1.1" 200 17549
"GET /static/myapp/style.css HTTP/1.1" 404 1804
Watching for file changes with StatReloader
